Server started on port 3000.
EventsTable
jwt
false
Warning: Failed prop type: Invalid prop `align` of value `default` supplied to `ForwardRef(TableCell)`, expected one of ["center","inherit","justify","left","right"].
    in ForwardRef(TableCell)
    in WithStyles(ForwardRef(TableCell))
    in tr
    in ForwardRef(TableRow)
    in WithStyles(ForwardRef(TableRow))
    in thead
    in Context.Provider
    in ForwardRef(TableHead)
    in WithStyles(ForwardRef(TableHead))
    in EnhancedTableHead
    in table
    in Context.Provider
    in ForwardRef(Table)
    in WithStyles(ForwardRef(Table))
    in div
    in ForwardRef(TableContainer)
    in WithStyles(ForwardRef(TableContainer))
    in div
    in ForwardRef(Paper)
    in WithStyles(ForwardRef(Paper))
    in div
    in EventsTable
    in div
    in ForwardRef(Paper)
    in WithStyles(ForwardRef(Paper))
    in Events
    in Context.Provider
    in Context.Consumer
    in Route
    in Context.Consumer
    in Switch
    in div
    in MainRouter
    in Context.Provider
    in ThemeProvider
    in Context.Provider
    in Router
    in StaticRouter
    in Context.Provider
    in StylesProvider
Warning: Failed prop type: Invalid prop `padding` of value `left` supplied to `ForwardRef(TableCell)`, expected one of ["checkbox","default","none"].
    in ForwardRef(TableCell)
    in WithStyles(ForwardRef(TableCell))
    in tr
    in ForwardRef(TableRow)
    in WithStyles(ForwardRef(TableRow))
    in thead
    in Context.Provider
    in ForwardRef(TableHead)
    in WithStyles(ForwardRef(TableHead))
    in EnhancedTableHead
    in table
    in Context.Provider
    in ForwardRef(Table)
    in WithStyles(ForwardRef(Table))
    in div
    in ForwardRef(TableContainer)
    in WithStyles(ForwardRef(TableContainer))
    in div
    in ForwardRef(Paper)
    in WithStyles(ForwardRef(Paper))
    in div
    in EventsTable
    in div
    in ForwardRef(Paper)
    in WithStyles(ForwardRef(Paper))
    in Events
    in Context.Provider
    in Context.Consumer
    in Route
    in Context.Consumer
    in Switch
    in div
    in MainRouter
    in Context.Provider
    in ThemeProvider
    in Context.Provider
    in Router
    in StaticRouter
    in Context.Provider
    in StylesProvider
[34mℹ[39m [90m｢wdm｣[39m: wait until bundle finished: /dist/bundle.js
EventsTable
jwt
false
EventsTable
jwt
false
[34mℹ[39m [90m｢wdm｣[39m: wait until bundle finished: /dist/bundle.js
webpack built browser 46a19269b7b327116c63 in 3777ms
[34mℹ[39m [90m｢wdm｣[39m: Hash: [1m46a19269b7b327116c63[39m[22m
Version: webpack [1m4.42.1[39m[22m
Time: [1m3777[39m[22mms
Built at: 06/02/2021 [1m12:28:13 PM[39m[22m
                               [1mAsset[39m[22m      [1mSize[39m[22m  [1mChunks[39m[22m  [1m[39m[22m           [1m[39m[22m[1mChunk Names[39m[22m
[1m[32m08179a3b58e30f3c8c4fed34a9a3e2f8.jpg[39m[22m   790 KiB        [1m[39m[22m  [1m[32m[emitted][39m[22m  
                           [1m[32mbundle.js[39m[22m  8.12 MiB    [1mmain[39m[22m  [1m[32m[emitted][39m[22m  main
Entrypoint [1mmain[39m[22m = [1m[32mbundle.js[39m[22m
[0] [1mmulti webpack-hot-middleware/client?reload=true ./client/main.js[39m[22m 40 bytes {[1m[33mmain[39m[22m}[1m[32m [built][39m[22m
[[1m./client/App.js[39m[22m] 1.54 KiB {[1m[33mmain[39m[22m}[1m[32m [built][39m[22m
[[1m./client/MainRouter.js[39m[22m] 2.35 KiB {[1m[33mmain[39m[22m}[1m[32m [built][39m[22m
[[1m./client/main.js[39m[22m] 314 bytes {[1m[33mmain[39m[22m}[1m[32m [built][39m[22m
[[1m./client/theme.js[39m[22m] 1.4 KiB {[1m[33mmain[39m[22m}[1m[32m [built][39m[22m
[[1m./node_modules/@hot-loader/react-dom/cjs/react-dom.development.js[39m[22m] 841 KiB {[1m[33mmain[39m[22m}[1m[32m [built][39m[22m
[[1m./node_modules/@hot-loader/react-dom/index.js[39m[22m] 1.33 KiB {[1m[33mmain[39m[22m}[1m[32m [built][39m[22m
[[1m./node_modules/@material-ui/styles/esm/index.js[39m[22m] 2.14 KiB {[1m[33mmain[39m[22m}[1m[32m [built][39m[22m
[[1m./node_modules/querystring-es3/index.js[39m[22m] 127 bytes {[1m[33mmain[39m[22m}[1m[32m [built][39m[22m
[[1m./node_modules/react/index.js[39m[22m] 190 bytes {[1m[33mmain[39m[22m}[1m[32m [built][39m[22m
[./node_modules/webpack-hot-middleware/client-overlay.js] [1m(webpack)-hot-middleware/client-overlay.js[39m[22m 2.17 KiB {[1m[33mmain[39m[22m}[1m[32m [built][39m[22m
[./node_modules/webpack-hot-middleware/client.js?reload=true] [1m(webpack)-hot-middleware/client.js?reload=true[39m[22m 7.68 KiB {[1m[33mmain[39m[22m}[1m[32m [built][39m[22m
[./node_modules/webpack-hot-middleware/node_modules/strip-ansi/index.js] [1m(webpack)-hot-middleware/node_modules/strip-ansi/index.js[39m[22m 161 bytes {[1m[33mmain[39m[22m}[1m[32m [built][39m[22m
[./node_modules/webpack-hot-middleware/process-update.js] [1m(webpack)-hot-middleware/process-update.js[39m[22m 4.35 KiB {[1m[33mmain[39m[22m}[1m[32m [built][39m[22m
[./node_modules/webpack/buildin/module.js] [1m(webpack)/buildin/module.js[39m[22m 497 bytes {[1m[33mmain[39m[22m}[1m[32m [built][39m[22m
    + 588 hidden modules
[34mℹ[39m [90m｢wdm｣[39m: Compiled successfully.
EventsTable
jwt
false
